Using pre-set license
Built from '2021.3/staging' branch; Version is '2021.3.20f1 (577897200b8b) revision 5732503'; Using compiler version '192829333'; Build Type 'Release'
OS: 'Windows 11  (10.0.22631) 64bit Core' Language: 'en' Physical Memory: 16220 MB
BatchMode: 1, IsHumanControllingUs: 0, StartBugReporterOnCrash: 0, Is64bit: 1, IsPro: 1

COMMAND LINE ARGUMENTS:
C:\Program Files\Unity\Hub\Editor\2021.3.20f1\Editor\Unity.exe
-adb2
-batchMode
-noUpm
-name
AssetImportWorker0
-projectPath
D:/kuliah/Robotika/uts/robotika-midterm
-logFile
Logs/AssetImportWorker0.log
-srvPort
61381
Successfully changed project path to: D:/kuliah/Robotika/uts/robotika-midterm
D:/kuliah/Robotika/uts/robotika-midterm
[UnityMemory] Configuration Parameters - Can be set up in boot.config
    "memorysetup-bucket-allocator-granularity=16"
    "memorysetup-bucket-allocator-bucket-count=8"
    "memorysetup-bucket-allocator-block-size=33554432"
    "memorysetup-bucket-allocator-block-count=8"
    "memorysetup-main-allocator-block-size=16777216"
    "memorysetup-thread-allocator-block-size=16777216"
    "memorysetup-gfx-main-allocator-block-size=16777216"
    "memorysetup-gfx-thread-allocator-block-size=16777216"
    "memorysetup-cache-allocator-block-size=4194304"
    "memorysetup-typetree-allocator-block-size=2097152"
    "memorysetup-profiler-bucket-allocator-granularity=16"
    "memorysetup-profiler-bucket-allocator-bucket-count=8"
    "memorysetup-profiler-bucket-allocator-block-size=33554432"
    "memorysetup-profiler-bucket-allocator-block-count=8"
    "memorysetup-profiler-allocator-block-size=16777216"
    "memorysetup-profiler-editor-allocator-block-size=1048576"
    "memorysetup-temp-allocator-size-main=16777216"
    "memorysetup-job-temp-allocator-block-size=2097152"
    "memorysetup-job-temp-allocator-block-size-background=1048576"
    "memorysetup-job-temp-allocator-reduction-small-platforms=262144"
    "memorysetup-temp-allocator-size-background-worker=32768"
    "memorysetup-temp-allocator-size-job-worker=262144"
    "memorysetup-temp-allocator-size-preload-manager=33554432"
    "memorysetup-temp-allocator-size-nav-mesh-worker=65536"
    "memorysetup-temp-allocator-size-audio-worker=65536"
    "memorysetup-temp-allocator-size-cloud-worker=32768"
    "memorysetup-temp-allocator-size-gi-baking-worker=262144"
    "memorysetup-temp-allocator-size-gfx=262144"
Player connection [10980] Host "[IP] 192.168.100.57 [Port] 0 [Flags] 2 [Guid] 3291903161 [EditorId] 3291903161 [Version] 1048832 [Id] WindowsEditor(7,TehGaa) [Debug] 1 [PackageName] WindowsEditor [ProjectName] Editor" joined multi-casting on [225.0.0.222:54997]...

Player connection [10980] Host "[IP] 192.168.100.57 [Port] 0 [Flags] 2 [Guid] 3291903161 [EditorId] 3291903161 [Version] 1048832 [Id] WindowsEditor(7,TehGaa) [Debug] 1 [PackageName] WindowsEditor [ProjectName] Editor" joined alternative multi-casting on [225.0.0.222:34997]...

Refreshing native plugins compatible for Editor in 49.52 ms, found 3 plugins.
Preloading 0 native plugins for Editor in 0.00 ms.
Initialize engine version: 2021.3.20f1 (577897200b8b)
[Subsystems] Discovering subsystems at path C:/Program Files/Unity/Hub/Editor/2021.3.20f1/Editor/Data/Resources/UnitySubsystems
[Subsystems] Discovering subsystems at path D:/kuliah/Robotika/uts/robotika-midterm/Assets
GfxDevice: creating device client; threaded=0; jobified=0
Direct3D:
    Version:  Direct3D 11.0 [level 11.1]
    Renderer: NVIDIA GeForce RTX 4060 (ID=0x2882)
    Vendor:   NVIDIA
    VRAM:     7957 MB
    Driver:   31.0.15.5186
Initialize mono
Mono path[0] = 'C:/Program Files/Unity/Hub/Editor/2021.3.20f1/Editor/Data/Managed'
Mono path[1] = 'C:/Program Files/Unity/Hub/Editor/2021.3.20f1/Editor/Data/MonoBleedingEdge/lib/mono/unityjit-win32'
Mono config path = 'C:/Program Files/Unity/Hub/Editor/2021.3.20f1/Editor/Data/MonoBleedingEdge/etc'
Using monoOptions --debugger-agent=transport=dt_socket,embedding=1,server=y,suspend=n,address=127.0.0.1:56292
Begin MonoManager ReloadAssembly
Registering precompiled unity dll's ...
Register platform support module: C:/Program Files/Unity/Hub/Editor/2021.3.20f1/Editor/Data/PlaybackEngines/WindowsStandaloneSupport/UnityEditor.WindowsStandalone.Extensions.dll
Registered in 0.002643 seconds.
Native extension for WindowsStandalone target not found
Refreshing native plugins compatible for Editor in 58.89 ms, found 3 plugins.
Preloading 0 native plugins for Editor in 0.00 ms.
Mono: successfully reloaded assembly
- Completed reload, in  0.429 seconds
Domain Reload Profiling:
	ReloadAssembly (429ms)
		BeginReloadAssembly (59ms)
			ExecutionOrderSort (0ms)
			DisableScriptedObjects (0ms)
			BackupInstance (0ms)
			ReleaseScriptingObjects (0ms)
			CreateAndSetChildDomain (1ms)
		EndReloadAssembly (307ms)
			LoadAssemblies (57ms)
			RebuildTransferFunctionScriptingTraits (0ms)
			SetupTypeCache (64ms)
			ReleaseScriptCaches (0ms)
			RebuildScriptCaches (20ms)
			SetupLoadedEditorAssemblies (187ms)
				LogAssemblyErrors (0ms)
				InitializePlatformSupportModulesInManaged (5ms)
				SetLoadedEditorAssemblies (0ms)
				RefreshPlugins (59ms)
				BeforeProcessingInitializeOnLoad (1ms)
				ProcessInitializeOnLoadAttributes (89ms)
				ProcessInitializeOnLoadMethodAttributes (32ms)
				AfterProcessingInitializeOnLoad (0ms)
				EditorAssembliesLoaded (0ms)
			ExecutionOrderSort2 (0ms)
			AwakeInstancesAfterBackupRestoration (0ms)
Platform modules already initialized, skipping
Registering precompiled user dll's ...
Registered in 0.001644 seconds.
Begin MonoManager ReloadAssembly
Symbol file LoadedFromMemory doesn't match image D:\kuliah\Robotika\uts\robotika-midterm\Library\PackageCache\com.unity.visualscripting@1.8.0\Editor\VisualScripting.Core\Dependencies\YamlDotNet\Unity.VisualScripting.YamlDotNet.dll
Symbol file LoadedFromMemory doesn't match image D:\kuliah\Robotika\uts\robotika-midterm\Library\PackageCache\com.unity.visualscripting@1.8.0\Editor\VisualScripting.Core\Dependencies\DotNetZip\Unity.VisualScripting.IonicZip.dll
Native extension for WindowsStandalone target not found
Refreshing native plugins compatible for Editor in 0.37 ms, found 3 plugins.
Preloading 0 native plugins for Editor in 0.00 ms.
Mono: successfully reloaded assembly
- Completed reload, in  0.680 seconds
Domain Reload Profiling:
	ReloadAssembly (680ms)
		BeginReloadAssembly (81ms)
			ExecutionOrderSort (0ms)
			DisableScriptedObjects (4ms)
			BackupInstance (0ms)
			ReleaseScriptingObjects (0ms)
			CreateAndSetChildDomain (12ms)
		EndReloadAssembly (522ms)
			LoadAssemblies (57ms)
			RebuildTransferFunctionScriptingTraits (0ms)
			SetupTypeCache (173ms)
			ReleaseScriptCaches (0ms)
			RebuildScriptCaches (34ms)
			SetupLoadedEditorAssemblies (232ms)
				LogAssemblyErrors (0ms)
				InitializePlatformSupportModulesInManaged (4ms)
				SetLoadedEditorAssemblies (0ms)
				RefreshPlugins (0ms)
				BeforeProcessingInitializeOnLoad (55ms)
				ProcessInitializeOnLoadAttributes (155ms)
				ProcessInitializeOnLoadMethodAttributes (13ms)
				AfterProcessingInitializeOnLoad (4ms)
				EditorAssembliesLoaded (0ms)
			ExecutionOrderSort2 (0ms)
			AwakeInstancesAfterBackupRestoration (5ms)
Platform modules already initialized, skipping
========================================================================
Worker process is ready to serve import requests
Launched and connected shader compiler UnityShaderCompiler.exe after 0.04 seconds
Refreshing native plugins compatible for Editor in 0.37 ms, found 3 plugins.
Preloading 0 native plugins for Editor in 0.00 ms.
Unloading 3048 Unused Serialized files (Serialized files now loaded: 0)
Unloading 24 unused Assets / (113.4 KB). Loaded Objects now: 3509.
Memory consumption went from 107.6 MB to 107.5 MB.
Total: 2.639900 ms (FindLiveObjects: 0.159900 ms CreateObjectMapping: 0.070500 ms MarkObjects: 2.312200 ms  DeleteObjects: 0.096100 ms)

AssetImportParameters requested are different than current active one (requested -> active):
  custom:video-decoder-ogg-theora: a1e56fd34408186e4bbccfd4996cb3dc -> 
  custom:container-muxer-webm: aa71ff27fc2769a1b78a27578f13a17b -> 
  custom:container-demuxer-webm: 4f35f7cbe854078d1ac9338744f61a02 -> 
  custom:video-encoder-webm-vp8: eb34c28f22e8b96e1ab97ce403110664 -> 
  custom:video-codec-MediaFoundation-h265: 746d11721c4dcdbdad8f713fa42b33f4 -> 
  custom:audio-encoder-webm-vorbis: bf7c407c2cedff20999df2af8eb42d56 -> 
  custom:framework-win-MediaFoundation: 216162199b28c13a410421893ffa2e32 -> 
  custom:container-demuxer-ogg: 62fdf1f143b41e24485cea50d1cbac27 -> 
  custom:video-decoder-webm-vp8: 9c59270c3fd7afecdb556c50c9e8de78 -> 
  custom:audio-decoder-ogg-vorbis: bf7c407c2cedff20999df2af8eb42d56 -> 
========================================================================
Received Import Request.
  Time since last request: 89285.265624 seconds.
  path: Assets/RacingCar
  artifactKey: Guid(5f8c04f05d6cc844e8658eb22f59ffd5) Importer(815301076,1909f56bfc062723c751e8b465ee728b)
Start importing Assets/RacingCar using Guid(5f8c04f05d6cc844e8658eb22f59ffd5) Importer(815301076,1909f56bfc062723c751e8b465ee728b)  -> (artifact id: '6d5f657d78b20f44f895b075bb5db758') in 0.005316 seconds 
========================================================================
Received Import Request.
  Time since last request: 9.952015 seconds.
  path: Assets/BEDRILL
  artifactKey: Guid(742677e7ae7e530418700aebfbf6fc5d) Importer(815301076,1909f56bfc062723c751e8b465ee728b)
Start importing Assets/BEDRILL using Guid(742677e7ae7e530418700aebfbf6fc5d) Importer(815301076,1909f56bfc062723c751e8b465ee728b)  -> (artifact id: 'd8d878f23b0f136b658bb5370de400a6') in 0.001555 seconds 
========================================================================
Received Import Request.
  Time since last request: 0.623847 seconds.
  path: Assets/BEDRILL/Modular_Track_Free
  artifactKey: Guid(c92c3f9104293684eaae872dd5357466) Importer(815301076,1909f56bfc062723c751e8b465ee728b)
Start importing Assets/BEDRILL/Modular_Track_Free using Guid(c92c3f9104293684eaae872dd5357466) Importer(815301076,1909f56bfc062723c751e8b465ee728b)  -> (artifact id: '6de433380b7ff588e69be2a8439323b1') in 0.001417 seconds 
========================================================================
Received Import Request.
  Time since last request: 4.353817 seconds.
  path: Assets/RacingCar/Models
  artifactKey: Guid(149960c1b7f14b94dbe315b4468b7282) Importer(815301076,1909f56bfc062723c751e8b465ee728b)
Start importing Assets/RacingCar/Models using Guid(149960c1b7f14b94dbe315b4468b7282) Importer(815301076,1909f56bfc062723c751e8b465ee728b)  -> (artifact id: '72854d26f078617df026a75161d2f19d') in 0.001517 seconds 
========================================================================
Received Import Request.
  Time since last request: 0.049514 seconds.
  path: Assets/RacingCar/Models/f1_car.fbx
  artifactKey: Guid(2f2b3ae945028dd48ab5658e0ad8a19c) Importer(815301076,1909f56bfc062723c751e8b465ee728b)
Start importing Assets/RacingCar/Models/f1_car.fbx using Guid(2f2b3ae945028dd48ab5658e0ad8a19c) Importer(815301076,1909f56bfc062723c751e8b465ee728b)  -> (artifact id: '4f10570d82f849be3d9d995a9fd00221') in 0.129137 seconds 
========================================================================
Received Import Request.
  Time since last request: 226.977480 seconds.
  path: Assets/RacingCar/Prefabs
  artifactKey: Guid(fce483da7a8480c44b9168163728c346) Importer(815301076,1909f56bfc062723c751e8b465ee728b)
Start importing Assets/RacingCar/Prefabs using Guid(fce483da7a8480c44b9168163728c346) Importer(815301076,1909f56bfc062723c751e8b465ee728b)  -> (artifact id: '07da8b35953fdb33bfac9089ee0a55ce') in 0.001461 seconds 
========================================================================
Received Import Request.
  Time since last request: 0.046912 seconds.
  path: Assets/RacingCar/Prefabs/f1_car_Blue.prefab
  artifactKey: Guid(c16e377c90551ea4e83c100d6f2adba8) Importer(815301076,1909f56bfc062723c751e8b465ee728b)
Start importing Assets/RacingCar/Prefabs/f1_car_Blue.prefab using Guid(c16e377c90551ea4e83c100d6f2adba8) Importer(815301076,1909f56bfc062723c751e8b465ee728b)  -> (artifact id: '9d34b02ae656738ddf29e2ff9f1cfc59') in 0.199941 seconds 
========================================================================
Received Import Request.
  Time since last request: 0.000018 seconds.
  path: Assets/RacingCar/Prefabs/f1_car_Green.prefab
  artifactKey: Guid(faca0a57806806944a048e95d32f89bb) Importer(815301076,1909f56bfc062723c751e8b465ee728b)
Start importing Assets/RacingCar/Prefabs/f1_car_Green.prefab using Guid(faca0a57806806944a048e95d32f89bb) Importer(815301076,1909f56bfc062723c751e8b465ee728b)  -> (artifact id: '9abe0a514b025996e207fc6e099db8f6') in 0.076431 seconds 
========================================================================
Received Import Request.
  Time since last request: 0.000025 seconds.
  path: Assets/RacingCar/Prefabs/f1_car_Red.prefab
  artifactKey: Guid(943f81ba6d64b054ba0547b6c5da88ca) Importer(815301076,1909f56bfc062723c751e8b465ee728b)
Start importing Assets/RacingCar/Prefabs/f1_car_Red.prefab using Guid(943f81ba6d64b054ba0547b6c5da88ca) Importer(815301076,1909f56bfc062723c751e8b465ee728b)  -> (artifact id: '153647102920d5e474d509321d009323') in 0.055894 seconds 
========================================================================
Received Import Request.
  Time since last request: 235.562832 seconds.
  path: Assets/RacingCar/Materials
  artifactKey: Guid(cb62204f1c0f14647a5e5004002d7ea1) Importer(815301076,1909f56bfc062723c751e8b465ee728b)
Start importing Assets/RacingCar/Materials using Guid(cb62204f1c0f14647a5e5004002d7ea1) Importer(815301076,1909f56bfc062723c751e8b465ee728b)  -> (artifact id: '99f660eab8379df452bf835f24d8f6bb') in 0.001401 seconds 
========================================================================
Received Import Request.
  Time since last request: 0.098981 seconds.
  path: Assets/RacingCar/Materials/f1_car_Blue.mat
  artifactKey: Guid(0a4dc8be4d7e3d84a8f7c0772018ff3e) Importer(815301076,1909f56bfc062723c751e8b465ee728b)
Start importing Assets/RacingCar/Materials/f1_car_Blue.mat using Guid(0a4dc8be4d7e3d84a8f7c0772018ff3e) Importer(815301076,1909f56bfc062723c751e8b465ee728b)  -> (artifact id: 'ed192dee1bbd80e8b4d7bc21d3835515') in 0.032149 seconds 
========================================================================
Received Import Request.
  Time since last request: 0.000016 seconds.
  path: Assets/RacingCar/Materials/f1_car_Red.mat
  artifactKey: Guid(91163dd36082d5a4bb103d3428c5dff6) Importer(815301076,1909f56bfc062723c751e8b465ee728b)
Start importing Assets/RacingCar/Materials/f1_car_Red.mat using Guid(91163dd36082d5a4bb103d3428c5dff6) Importer(815301076,1909f56bfc062723c751e8b465ee728b)  -> (artifact id: '54b4cbf1d015e0e5ca72f9a9ba5ff7da') in 0.011888 seconds 
========================================================================
Received Import Request.
  Time since last request: 0.000016 seconds.
  path: Assets/RacingCar/Materials/f1_car_Wheels.mat
  artifactKey: Guid(4d6e13e080216ac45aade54ca1ef672b) Importer(815301076,1909f56bfc062723c751e8b465ee728b)
Start importing Assets/RacingCar/Materials/f1_car_Wheels.mat using Guid(4d6e13e080216ac45aade54ca1ef672b) Importer(815301076,1909f56bfc062723c751e8b465ee728b)  -> (artifact id: '8d38e96bba1d9b02ae5ac3b5450fd8c8') in 0.011956 seconds 
========================================================================
Received Import Request.
  Time since last request: 0.000012 seconds.
  path: Assets/RacingCar/Materials/f1_car_Green.mat
  artifactKey: Guid(e5abb3b26af6e4c46a6578720fe3c06d) Importer(815301076,1909f56bfc062723c751e8b465ee728b)
Start importing Assets/RacingCar/Materials/f1_car_Green.mat using Guid(e5abb3b26af6e4c46a6578720fe3c06d) Importer(815301076,1909f56bfc062723c751e8b465ee728b)  -> (artifact id: 'a91a7bb640cb42e6594d0ab4a3c1925e') in 0.011043 seconds 
========================================================================
Received Prepare
Registering precompiled user dll's ...
Registered in 0.002950 seconds.
Begin MonoManager ReloadAssembly
Symbol file LoadedFromMemory doesn't match image D:\kuliah\Robotika\uts\robotika-midterm\Library\PackageCache\com.unity.visualscripting@1.8.0\Editor\VisualScripting.Core\Dependencies\YamlDotNet\Unity.VisualScripting.YamlDotNet.dll
Symbol file LoadedFromMemory doesn't match image D:\kuliah\Robotika\uts\robotika-midterm\Library\PackageCache\com.unity.visualscripting@1.8.0\Editor\VisualScripting.Core\Dependencies\DotNetZip\Unity.VisualScripting.IonicZip.dll
Native extension for WindowsStandalone target not found
Refreshing native plugins compatible for Editor in 0.35 ms, found 3 plugins.
Preloading 0 native plugins for Editor in 0.00 ms.
Mono: successfully reloaded assembly
- Completed reload, in  0.712 seconds
Domain Reload Profiling:
	ReloadAssembly (713ms)
		BeginReloadAssembly (102ms)
			ExecutionOrderSort (0ms)
			DisableScriptedObjects (3ms)
			BackupInstance (0ms)
			ReleaseScriptingObjects (0ms)
			CreateAndSetChildDomain (25ms)
		EndReloadAssembly (540ms)
			LoadAssemblies (57ms)
			RebuildTransferFunctionScriptingTraits (0ms)
			SetupTypeCache (182ms)
			ReleaseScriptCaches (1ms)
			RebuildScriptCaches (25ms)
			SetupLoadedEditorAssemblies (244ms)
				LogAssemblyErrors (0ms)
				InitializePlatformSupportModulesInManaged (4ms)
				SetLoadedEditorAssemblies (0ms)
				RefreshPlugins (0ms)
				BeforeProcessingInitializeOnLoad (45ms)
				ProcessInitializeOnLoadAttributes (172ms)
				ProcessInitializeOnLoadMethodAttributes (18ms)
				AfterProcessingInitializeOnLoad (5ms)
				EditorAssembliesLoaded (0ms)
			ExecutionOrderSort2 (0ms)
			AwakeInstancesAfterBackupRestoration (6ms)
Platform modules already initialized, skipping
Refreshing native plugins compatible for Editor in 0.99 ms, found 3 plugins.
Preloading 0 native plugins for Editor in 0.00 ms.
Unloading 3043 Unused Serialized files (Serialized files now loaded: 0)
Unloading 17 unused Assets / (79.8 KB). Loaded Objects now: 3557.
Memory consumption went from 112.3 MB to 112.2 MB.
Total: 2.461000 ms (FindLiveObjects: 0.174100 ms CreateObjectMapping: 0.099200 ms MarkObjects: 2.075000 ms  DeleteObjects: 0.111800 ms)

AssetImportParameters requested are different than current active one (requested -> active):
  custom:video-decoder-ogg-theora: a1e56fd34408186e4bbccfd4996cb3dc -> 
  custom:container-muxer-webm: aa71ff27fc2769a1b78a27578f13a17b -> 
  custom:container-demuxer-webm: 4f35f7cbe854078d1ac9338744f61a02 -> 
  custom:video-encoder-webm-vp8: eb34c28f22e8b96e1ab97ce403110664 -> 
  custom:video-codec-MediaFoundation-h265: 746d11721c4dcdbdad8f713fa42b33f4 -> 
  custom:audio-encoder-webm-vorbis: bf7c407c2cedff20999df2af8eb42d56 -> 
  custom:framework-win-MediaFoundation: 216162199b28c13a410421893ffa2e32 -> 
  custom:container-demuxer-ogg: 62fdf1f143b41e24485cea50d1cbac27 -> 
  custom:video-decoder-webm-vp8: 9c59270c3fd7afecdb556c50c9e8de78 -> 
  custom:audio-decoder-ogg-vorbis: bf7c407c2cedff20999df2af8eb42d56 -> 
========================================================================
Received Import Request.
  Time since last request: 183.994867 seconds.
  path: Assets/BEDRILL/Modular_Track_Free/Models
  artifactKey: Guid(281ded0f1061965419da0ad623c725b6) Importer(815301076,1909f56bfc062723c751e8b465ee728b)
Start importing Assets/BEDRILL/Modular_Track_Free/Models using Guid(281ded0f1061965419da0ad623c725b6) Importer(815301076,1909f56bfc062723c751e8b465ee728b)  -> (artifact id: '84bbb585b1725f55ab030cf5388521a0') in 0.005493 seconds 
========================================================================
Received Import Request.
  Time since last request: 0.058366 seconds.
  path: Assets/BEDRILL/Modular_Track_Free/Models/Lawn_plane_15m_free.fbx
  artifactKey: Guid(a0d1c32e1d6bda04fac5e67d071c679a) Importer(815301076,1909f56bfc062723c751e8b465ee728b)
Start importing Assets/BEDRILL/Modular_Track_Free/Models/Lawn_plane_15m_free.fbx using Guid(a0d1c32e1d6bda04fac5e67d071c679a) Importer(815301076,1909f56bfc062723c751e8b465ee728b)  -> (artifact id: 'e6d7bbd47a23616d0b99a97efe70cac4') in 0.061278 seconds 
========================================================================
Received Import Request.
  Time since last request: 0.000015 seconds.
  path: Assets/BEDRILL/Modular_Track_Free/Models/Track_Corner_90d_type_01_15x15m_quad_free.fbx
  artifactKey: Guid(bbd9233d969d6fc41986006524ad3103) Importer(815301076,1909f56bfc062723c751e8b465ee728b)
Start importing Assets/BEDRILL/Modular_Track_Free/Models/Track_Corner_90d_type_01_15x15m_quad_free.fbx using Guid(bbd9233d969d6fc41986006524ad3103) Importer(815301076,1909f56bfc062723c751e8b465ee728b)  -> (artifact id: '84f8bdf4dff90a5ddcab58715da74593') in 0.009082 seconds 
========================================================================
Received Import Request.
  Time since last request: 0.000022 seconds.
  path: Assets/BEDRILL/Modular_Track_Free/Models/Track_line_type_01_30m_free.fbx
  artifactKey: Guid(33bbba6bc07665640b844e1b81d2e458) Importer(815301076,1909f56bfc062723c751e8b465ee728b)
Start importing Assets/BEDRILL/Modular_Track_Free/Models/Track_line_type_01_30m_free.fbx using Guid(33bbba6bc07665640b844e1b81d2e458) Importer(815301076,1909f56bfc062723c751e8b465ee728b)  -> (artifact id: '884ce895c5433397fcdaffe831c36ca8') in 0.008411 seconds 
========================================================================
Received Import Request.
  Time since last request: 0.000015 seconds.
  path: Assets/BEDRILL/Modular_Track_Free/Models/Track_Fence_line_type_01_red_block_1&5m_free.fbx
  artifactKey: Guid(b5d873b652534f54fb382689325a8ed0) Importer(815301076,1909f56bfc062723c751e8b465ee728b)
Start importing Assets/BEDRILL/Modular_Track_Free/Models/Track_Fence_line_type_01_red_block_1&5m_free.fbx using Guid(b5d873b652534f54fb382689325a8ed0) Importer(815301076,1909f56bfc062723c751e8b465ee728b)  -> (artifact id: '09081338160f33e193518809bd931d77') in 0.009455 seconds 
========================================================================
Received Import Request.
  Time since last request: 0.000014 seconds.
  path: Assets/BEDRILL/Modular_Track_Free/Models/Track_Fence_line_type_01_white_block_1&5m_free.fbx
  artifactKey: Guid(193c4ffb9d60d2148874c308bbd283a0) Importer(815301076,1909f56bfc062723c751e8b465ee728b)
Start importing Assets/BEDRILL/Modular_Track_Free/Models/Track_Fence_line_type_01_white_block_1&5m_free.fbx using Guid(193c4ffb9d60d2148874c308bbd283a0) Importer(815301076,1909f56bfc062723c751e8b465ee728b)  -> (artifact id: 'e81e81705df2f359e541b22cbb7d56a3') in 0.007811 seconds 
========================================================================
Received Import Request.
  Time since last request: 0.000014 seconds.
  path: Assets/BEDRILL/Modular_Track_Free/Models/Track_line_type_01_15m_free.fbx
  artifactKey: Guid(fabe91f604127994ab9fcef58cb0b2ce) Importer(815301076,1909f56bfc062723c751e8b465ee728b)
Start importing Assets/BEDRILL/Modular_Track_Free/Models/Track_line_type_01_15m_free.fbx using Guid(fabe91f604127994ab9fcef58cb0b2ce) Importer(815301076,1909f56bfc062723c751e8b465ee728b)  -> (artifact id: 'c7dfb54ca41acf8009ec2b49720286b0') in 0.008950 seconds 
========================================================================
Received Import Request.
  Time since last request: 0.000015 seconds.
  path: Assets/BEDRILL/Modular_Track_Free/Models/Track_Corner_90d_type_01_30x30m_quad_free.fbx
  artifactKey: Guid(7cd1d2c7f903af547a1dc6525af1bde3) Importer(815301076,1909f56bfc062723c751e8b465ee728b)
Start importing Assets/BEDRILL/Modular_Track_Free/Models/Track_Corner_90d_type_01_30x30m_quad_free.fbx using Guid(7cd1d2c7f903af547a1dc6525af1bde3) Importer(815301076,1909f56bfc062723c751e8b465ee728b)  -> (artifact id: 'cddb5e2931d63329479095ceba7d944d') in 0.008887 seconds 
========================================================================
Received Import Request.
  Time since last request: 0.000014 seconds.
  path: Assets/BEDRILL/Modular_Track_Free/Models/Track_Corner_90d_type_01_30x30m_free.fbx
  artifactKey: Guid(5175279fb16e48044b7fde28997771c6) Importer(815301076,1909f56bfc062723c751e8b465ee728b)
Start importing Assets/BEDRILL/Modular_Track_Free/Models/Track_Corner_90d_type_01_30x30m_free.fbx using Guid(5175279fb16e48044b7fde28997771c6) Importer(815301076,1909f56bfc062723c751e8b465ee728b)  -> (artifact id: '5f009752556cf6e2d7e1b762f63fcc8c') in 0.008008 seconds 
========================================================================
Received Import Request.
  Time since last request: 0.000015 seconds.
  path: Assets/BEDRILL/Modular_Track_Free/Models/Track_Corner_90d_type_01_15x15m_free.fbx
  artifactKey: Guid(493f01361ccfce74499b13e5a2e13c6a) Importer(815301076,1909f56bfc062723c751e8b465ee728b)
Start importing Assets/BEDRILL/Modular_Track_Free/Models/Track_Corner_90d_type_01_15x15m_free.fbx using Guid(493f01361ccfce74499b13e5a2e13c6a) Importer(815301076,1909f56bfc062723c751e8b465ee728b)  -> (artifact id: '035ca68ddd4bd06714282153b0c273b8') in 0.008174 seconds 
========================================================================
Received Import Request.
  Time since last request: 0.000014 seconds.
  path: Assets/BEDRILL/Modular_Track_Free/Models/Track_Fence_line_type_01_15m_free.fbx
  artifactKey: Guid(761ac6449add9834faf07e845a01ed91) Importer(815301076,1909f56bfc062723c751e8b465ee728b)
Start importing Assets/BEDRILL/Modular_Track_Free/Models/Track_Fence_line_type_01_15m_free.fbx using Guid(761ac6449add9834faf07e845a01ed91) Importer(815301076,1909f56bfc062723c751e8b465ee728b)  -> (artifact id: '95302b67bf4431927865e935cf70af5e') in 0.008882 seconds 
========================================================================
Received Import Request.
  Time since last request: 0.000014 seconds.
  path: Assets/BEDRILL/Modular_Track_Free/Models/Track_line_type_01_start_finish_15m_free.fbx
  artifactKey: Guid(6c0492ec64e98194f801795ea282dd3d) Importer(815301076,1909f56bfc062723c751e8b465ee728b)
Start importing Assets/BEDRILL/Modular_Track_Free/Models/Track_line_type_01_start_finish_15m_free.fbx using Guid(6c0492ec64e98194f801795ea282dd3d) Importer(815301076,1909f56bfc062723c751e8b465ee728b)  -> (artifact id: '4fee538c0276f8cb51db1cdfd52c625d') in 0.008445 seconds 
========================================================================
Received Import Request.
  Time since last request: 3.197094 seconds.
  path: Assets/BEDRILL/Modular_Track_Free/Prefabs_Obs
  artifactKey: Guid(078487c971fcf074581d08e7019d0a64) Importer(815301076,1909f56bfc062723c751e8b465ee728b)
Start importing Assets/BEDRILL/Modular_Track_Free/Prefabs_Obs using Guid(078487c971fcf074581d08e7019d0a64) Importer(815301076,1909f56bfc062723c751e8b465ee728b)  -> (artifact id: 'bc118f33c320090136ee28dcc510d89a') in 0.001401 seconds 
========================================================================
Received Import Request.
  Time since last request: 0.135495 seconds.
  path: Assets/BEDRILL/Modular_Track_Free/Prefabs_Obs/Lawn_plane_15m_free_obs.prefab
  artifactKey: Guid(d9ab2401bf6839744952d1947386d8b3) Importer(815301076,1909f56bfc062723c751e8b465ee728b)
Start importing Assets/BEDRILL/Modular_Track_Free/Prefabs_Obs/Lawn_plane_15m_free_obs.prefab using Guid(d9ab2401bf6839744952d1947386d8b3) Importer(815301076,1909f56bfc062723c751e8b465ee728b)  -> (artifact id: '9dcfa12a89d2260625b28de988fdd221') in 0.005860 seconds 
========================================================================
Received Import Request.
  Time since last request: 0.000012 seconds.
  path: Assets/BEDRILL/Modular_Track_Free/Prefabs_Obs/Track_line_type_01_start_finish_15m_free_obs.prefab
  artifactKey: Guid(419b5557461398443a4b99d9496015fc) Importer(815301076,1909f56bfc062723c751e8b465ee728b)
Start importing Assets/BEDRILL/Modular_Track_Free/Prefabs_Obs/Track_line_type_01_start_finish_15m_free_obs.prefab using Guid(419b5557461398443a4b99d9496015fc) Importer(815301076,1909f56bfc062723c751e8b465ee728b)  -> (artifact id: 'd2048a1f1965a85ebd6c1d6ca79b1aa2') in 0.008570 seconds 
========================================================================
Received Import Request.
  Time since last request: 0.000012 seconds.
  path: Assets/BEDRILL/Modular_Track_Free/Prefabs_Obs/Track_Fence_line_type_01_15m_free_obs.prefab
  artifactKey: Guid(87e0acbd6ddf7814097e377d5a5c716d) Importer(815301076,1909f56bfc062723c751e8b465ee728b)
Start importing Assets/BEDRILL/Modular_Track_Free/Prefabs_Obs/Track_Fence_line_type_01_15m_free_obs.prefab using Guid(87e0acbd6ddf7814097e377d5a5c716d) Importer(815301076,1909f56bfc062723c751e8b465ee728b)  -> (artifact id: '4dbb5be7ced1b4da7fa07241d4e9f290') in 0.006251 seconds 
========================================================================
Received Import Request.
  Time since last request: 0.000016 seconds.
  path: Assets/BEDRILL/Modular_Track_Free/Prefabs_Obs/Track_line_type_01_30m_free_obs.prefab
  artifactKey: Guid(18ab59e03c7a63c4dbfb26d2ca862d41) Importer(815301076,1909f56bfc062723c751e8b465ee728b)
Start importing Assets/BEDRILL/Modular_Track_Free/Prefabs_Obs/Track_line_type_01_30m_free_obs.prefab using Guid(18ab59e03c7a63c4dbfb26d2ca862d41) Importer(815301076,1909f56bfc062723c751e8b465ee728b)  -> (artifact id: 'ffd34e1cc1171f3571f4131d92fcdadc') in 0.005628 seconds 
========================================================================
Received Import Request.
  Time since last request: 0.000020 seconds.
  path: Assets/BEDRILL/Modular_Track_Free/Prefabs_Obs/Track_Fence_line_type_01_white_block_1&5m_free_obs.prefab
  artifactKey: Guid(484e95a1def424c4b9f1ad821e0c226a) Importer(815301076,1909f56bfc062723c751e8b465ee728b)
Start importing Assets/BEDRILL/Modular_Track_Free/Prefabs_Obs/Track_Fence_line_type_01_white_block_1&5m_free_obs.prefab using Guid(484e95a1def424c4b9f1ad821e0c226a) Importer(815301076,1909f56bfc062723c751e8b465ee728b)  -> (artifact id: '801fe6973c675dfc3d50b81976133fc5') in 0.005665 seconds 
========================================================================
Received Import Request.
  Time since last request: 0.000015 seconds.
  path: Assets/BEDRILL/Modular_Track_Free/Prefabs_Obs/Track_Corner_90d_type_01_30x30m_quad_free_obs.prefab
  artifactKey: Guid(ac0f6076afd4dde4f82fd5097f69adc9) Importer(815301076,1909f56bfc062723c751e8b465ee728b)
Start importing Assets/BEDRILL/Modular_Track_Free/Prefabs_Obs/Track_Corner_90d_type_01_30x30m_quad_free_obs.prefab using Guid(ac0f6076afd4dde4f82fd5097f69adc9) Importer(815301076,1909f56bfc062723c751e8b465ee728b)  -> (artifact id: '4ab217bb5cb5f5c2428e553bb2d49831') in 0.005740 seconds 
========================================================================
Received Import Request.
  Time since last request: 0.000013 seconds.
  path: Assets/BEDRILL/Modular_Track_Free/Prefabs_Obs/Track_line_type_01_15m_free_obs.prefab
  artifactKey: Guid(1060f28bab45ab94eb490830df68466e) Importer(815301076,1909f56bfc062723c751e8b465ee728b)
Start importing Assets/BEDRILL/Modular_Track_Free/Prefabs_Obs/Track_line_type_01_15m_free_obs.prefab using Guid(1060f28bab45ab94eb490830df68466e) Importer(815301076,1909f56bfc062723c751e8b465ee728b)  -> (artifact id: 'ebaf1ed46f1e4048a836511af09686cc') in 0.005469 seconds 
========================================================================
Received Import Request.
  Time since last request: 0.000013 seconds.
  path: Assets/BEDRILL/Modular_Track_Free/Prefabs_Obs/Track_Fence_line_type_01_red_block_1&5m_free_obs.prefab
  artifactKey: Guid(f5d3c5e0f5f32c141911c08deee9e94d) Importer(815301076,1909f56bfc062723c751e8b465ee728b)
Start importing Assets/BEDRILL/Modular_Track_Free/Prefabs_Obs/Track_Fence_line_type_01_red_block_1&5m_free_obs.prefab using Guid(f5d3c5e0f5f32c141911c08deee9e94d) Importer(815301076,1909f56bfc062723c751e8b465ee728b)  -> (artifact id: 'e012daf9d7ec037296688063f7f858fe') in 0.006067 seconds 
========================================================================
Received Import Request.
  Time since last request: 0.000014 seconds.
  path: Assets/BEDRILL/Modular_Track_Free/Prefabs_Obs/Track_Corner_90d_type_01_15x15m_quad_free_obs.prefab
  artifactKey: Guid(e5ade76ec6dcf6140937231635f92c06) Importer(815301076,1909f56bfc062723c751e8b465ee728b)
Start importing Assets/BEDRILL/Modular_Track_Free/Prefabs_Obs/Track_Corner_90d_type_01_15x15m_quad_free_obs.prefab using Guid(e5ade76ec6dcf6140937231635f92c06) Importer(815301076,1909f56bfc062723c751e8b465ee728b)  -> (artifact id: 'cf2956f2fe891e5f43cda48e8f055848') in 0.006640 seconds 
========================================================================
Received Import Request.
  Time since last request: 0.000012 seconds.
  path: Assets/BEDRILL/Modular_Track_Free/Prefabs_Obs/Track_Corner_90d_type_01_15x15m_free_obs.prefab
  artifactKey: Guid(dd0831f60632baf4492b92858d493b29) Importer(815301076,1909f56bfc062723c751e8b465ee728b)
Start importing Assets/BEDRILL/Modular_Track_Free/Prefabs_Obs/Track_Corner_90d_type_01_15x15m_free_obs.prefab using Guid(dd0831f60632baf4492b92858d493b29) Importer(815301076,1909f56bfc062723c751e8b465ee728b)  -> (artifact id: '6c5683ac49e31d7733440e0a32637eb5') in 0.006235 seconds 
========================================================================
Received Import Request.
  Time since last request: 0.000017 seconds.
  path: Assets/BEDRILL/Modular_Track_Free/Prefabs_Obs/Track_Corner_90d_type_01_30x30m_free_obs.prefab
  artifactKey: Guid(233c6ac239f5f764f802f62bea56397e) Importer(815301076,1909f56bfc062723c751e8b465ee728b)
Start importing Assets/BEDRILL/Modular_Track_Free/Prefabs_Obs/Track_Corner_90d_type_01_30x30m_free_obs.prefab using Guid(233c6ac239f5f764f802f62bea56397e) Importer(815301076,1909f56bfc062723c751e8b465ee728b)  -> (artifact id: '975d0123fac7dcdbec358a5495fafb12') in 0.005155 seconds 
========================================================================
Received Import Request.
  Time since last request: 7.678739 seconds.
  path: Assets/Scenes
  artifactKey: Guid(6ea315d0fd7389c41b19996891e99ae3) Importer(815301076,1909f56bfc062723c751e8b465ee728b)
Start importing Assets/Scenes using Guid(6ea315d0fd7389c41b19996891e99ae3) Importer(815301076,1909f56bfc062723c751e8b465ee728b)  -> (artifact id: 'bc172811d573b296104adb4d2728db37') in 0.001334 seconds 
========================================================================
Received Import Request.
  Time since last request: 389.833472 seconds.
  path: Assets/Map_UTS_Robotika.unity
  artifactKey: Guid(f7fbdfceb0127f045b0f4c57567a05b2) Importer(815301076,1909f56bfc062723c751e8b465ee728b)
Start importing Assets/Map_UTS_Robotika.unity using Guid(f7fbdfceb0127f045b0f4c57567a05b2) Importer(815301076,1909f56bfc062723c751e8b465ee728b)  -> (artifact id: 'a04b9b22844e9e868822e4774bfc1471') in 0.001744 seconds 
